[debug] [2024-01-06T17:12:39.101Z] ----------------------------------------------------------------------
[debug] [2024-01-06T17:12:39.103Z] Command:       C:\Program Files\nodejs\node.exe C:\Users\mayur\AppData\Roaming\npm\node_modules\firebase-tools\lib\bin\firebase.js init
[debug] [2024-01-06T17:12:39.104Z] CLI Version:   13.0.2
[debug] [2024-01-06T17:12:39.104Z] Platform:      win32
[debug] [2024-01-06T17:12:39.104Z] Node Version:  v20.10.0
[debug] [2024-01-06T17:12:39.104Z] Time:          Sat Jan 06 2024 22:42:39 GMT+0530 (India Standard Time)
[debug] [2024-01-06T17:12:39.104Z] ----------------------------------------------------------------------
[debug] 
[debug] [2024-01-06T17:12:39.110Z] > command requires scopes: ["email","openid","https://www.googleapis.com/auth/cloudplatformprojects.readonly","https://www.googleapis.com/auth/firebase","https://www.googleapis.com/auth/cloud-platform"]
[debug] [2024-01-06T17:12:39.110Z] > authorizing via signed-in user (mayurshewale4212@gmail.com)
[info] 
     ######## #### ########  ######## ########     ###     ######  ########
     ##        ##  ##     ## ##       ##     ##  ##   ##  ##       ##
     ######    ##  ########  ######   ########  #########  ######  ######
     ##        ##  ##    ##  ##       ##     ## ##     ##       ## ##
     ##       #### ##     ## ######## ########  ##     ##  ######  ########

You're about to initialize a Firebase project in this directory:

  C:\Users\mayur\Dropbox\My PC (LAPTOP-O2PORMDQ)\Desktop\Applestore

[info] 
=== Project Setup
[info] 
[info] First, let's associate this project directory with a Firebase project.
[info] You can create multiple project aliases by running firebase use --add, 
[info] but for now we'll just set up a default project.
[info] 
[debug] [2024-01-06T17:12:55.305Z] >>> [apiv2][query] GET https://firebase.googleapis.com/v1beta1/projects pageSize=100
[debug] [2024-01-06T17:12:56.076Z] <<< [apiv2][status] GET https://firebase.googleapis.com/v1beta1/projects 200
[debug] [2024-01-06T17:12:56.076Z] <<< [apiv2][body] GET https://firebase.googleapis.com/v1beta1/projects [omitted]
[info] i  Using project portfoliomayur-d8615 (PortfolioMayur) 
[info] 
=== Hosting Setup
[debug] [2024-01-06T17:12:57.908Z] >>> [apiv2][query] GET https://firebase.googleapis.com/v1beta1/projects/portfoliomayur-d8615 [none]
[debug] [2024-01-06T17:12:58.350Z] <<< [apiv2][status] GET https://firebase.googleapis.com/v1beta1/projects/portfoliomayur-d8615 200
[debug] [2024-01-06T17:12:58.351Z] <<< [apiv2][body] GET https://firebase.googleapis.com/v1beta1/projects/portfoliomayur-d8615 {"projectId":"portfoliomayur-d8615","projectNumber":"558660511856","displayName":"PortfolioMayur","name":"projects/portfoliomayur-d8615","resources":{"hostingSite":"portfoliomayur-d8615"},"state":"ACTIVE","etag":"1_cc3d71bb-5f8a-450a-86cb-c9e9b337ba92"}
[info] 
[info] Your public directory is the folder (relative to your project directory) that
[info] will contain Hosting assets to be uploaded with firebase deploy. If you
[info] have a build process for your assets, use your build's output directory.
[info] 
[info] +  Wrote y/404.html 
[debug] [2024-01-06T17:13:52.784Z] >>> [apiv2][query] GET https://www.gstatic.com/firebasejs/releases.json [none]
[debug] [2024-01-06T17:13:52.884Z] <<< [apiv2][status] GET https://www.gstatic.com/firebasejs/releases.json 200
[debug] [2024-01-06T17:13:52.884Z] <<< [apiv2][body] GET https://www.gstatic.com/firebasejs/releases.json {"current":{"version":"10.7.1","browserURL":"https://www.gstatic.com/firebasejs/10.7.1/firebase.js","packageURL":"https://www.gstatic.com/firebasejs/10.7.1/firebase.tgz"},"live":{"version":"10.7","browserURL":"https://www.gstatic.com/firebasejs/live/10.7/firebase.js","packageURL":"https://www.gstatic.com/firebasejs/live/10.7/firebase.tgz"},"components":{"analytics":"https://www.gstatic.com/firebasejs/10.7.1/firebase-analytics.js","app":"https://www.gstatic.com/firebasejs/10.7.1/firebase-app.js","app-check":"https://www.gstatic.com/firebasejs/10.7.1/firebase-app-check.js","auth":"https://www.gstatic.com/firebasejs/10.7.1/firebase-auth.js","auth/cordova":"https://www.gstatic.com/firebasejs/10.7.1/firebase-auth/cordova.js","functions":"https://www.gstatic.com/firebasejs/10.7.1/firebase-functions.js","firestore":"https://www.gstatic.com/firebasejs/10.7.1/firebase-firestore.js","firestore/lite":"https://www.gstatic.com/firebasejs/10.7.1/firebase-firestore/lite.js","installations":"https://www.gstatic.com/firebasejs/10.7.1/firebase-installations.js","storage":"https://www.gstatic.com/firebasejs/10.7.1/firebase-storage.js","performance":"https://www.gstatic.com/firebasejs/10.7.1/firebase-performance.js","remote-config":"https://www.gstatic.com/firebasejs/10.7.1/firebase-remote-config.js","messaging":"https://www.gstatic.com/firebasejs/10.7.1/firebase-messaging.js","messaging/sw":"https://www.gstatic.com/firebasejs/10.7.1/firebase-messaging/sw.js","database":"https://www.gstatic.com/firebasejs/10.7.1/firebase-database.js","firestore.memory":"https://www.gstatic.com/firebasejs/10.7.1/firebase-firestore.memory.js"}}
[info] +  Wrote y/index.html 
[info] 
[info] i  Detected a .git folder at C:\Users\mayur 
[info] i  Authorizing with GitHub to upload your service account to a GitHub repository's secrets store. 
[info] 
[info] Visit this URL on this device to log in:
[info] https://github.com/login/oauth/authorize?client_id=89cf50f02ac6aaed3484&state=507807090&redirect_uri=http%3A%2F%2Flocalhost%3A9005&scope=read%3Auser%20repo%20public_repo
[info] 
[info] Waiting for authentication...
[debug] [2024-01-06T17:15:37.095Z] >>> [apiv2][query] POST https://github.com/login/oauth/access_token [none]
[debug] [2024-01-06T17:15:37.095Z] >>> [apiv2][body] POST https://github.com/login/oauth/access_token [stream]
[debug] [2024-01-06T17:15:37.457Z] <<< [apiv2][status] POST https://github.com/login/oauth/access_token 200
[debug] [2024-01-06T17:15:37.458Z] <<< [apiv2][body] POST https://github.com/login/oauth/access_token {"access_token":"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","token_type":"bearer","scope":"read:user,repo"}
[debug] [2024-01-06T17:15:37.479Z] >>> [apiv2][query] GET https://api.github.com/user [none]
[debug] [2024-01-06T17:15:37.844Z] <<< [apiv2][status] GET https://api.github.com/user 200
[debug] [2024-01-06T17:15:37.844Z] <<< [apiv2][body] GET https://api.github.com/user {"login":"mayurshewale1","id":74176628,"node_id":"MDQ6VXNlcjc0MTc2NjI4","avatar_url":"https://avatars.githubusercontent.com/u/74176628?v=4","gravatar_id":"","url":"https://api.github.com/users/mayurshewale1","html_url":"https://github.com/mayurshewale1","followers_url":"https://api.github.com/users/mayurshewale1/followers","following_url":"https://api.github.com/users/mayurshewale1/following{/other_user}","gists_url":"https://api.github.com/users/mayurshewale1/gists{/gist_id}","starred_url":"https://api.github.com/users/mayurshewale1/starred{/owner}{/repo}","subscriptions_url":"https://api.github.com/users/mayurshewale1/subscriptions","organizations_url":"https://api.github.com/users/mayurshewale1/orgs","repos_url":"https://api.github.com/users/mayurshewale1/repos","events_url":"https://api.github.com/users/mayurshewale1/events{/privacy}","received_events_url":"https://api.github.com/users/mayurshewale1/received_events","type":"User","site_admin":false,"name":"Mayur Shewale","company":null,"blog":"https://linktr.ee/mayurshewale8","location":"Nashik,IND","email":"mayurshewale4212@gmail.com","hireable":null,"bio":"Java | Python | React | SQL\r\n","twitter_username":null,"public_repos":15,"public_gists":0,"followers":1,"following":2,"created_at":"2020-11-09T08:19:15Z","updated_at":"2024-01-06T17:15:05Z","private_gists":0,"total_private_repos":0,"owned_private_repos":0,"disk_usage":7722,"collaborators":0,"two_factor_authentication":false,"plan":{"name":"pro","space":976562499,"collaborators":0,"private_repos":9999}}
[info] 
[info] +  Success! Logged into GitHub as mayurshewale1 
[info] 
[debug] [2024-01-06T17:15:37.868Z] >>> [apiv2][query] GET https://api.github.com/repos//actions/secrets/public-key type=owner
[debug] [2024-01-06T17:15:37.870Z] >>> [apiv2][query] GET https://api.github.com/repos//actions/secrets/public-key type=owner
[debug] [2024-01-06T17:15:37.876Z] >>> [apiv2][query] GET https://api.github.com/repos//actions/secrets/public-key type=owner
[debug] [2024-01-06T17:15:37.879Z] >>> [apiv2][query] GET https://api.github.com/repos//actions/secrets/public-key type=owner
[debug] [2024-01-06T17:15:37.882Z] >>> [apiv2][query] GET https://api.github.com/repos//actions/secrets/public-key type=owner
[debug] [2024-01-06T17:15:38.147Z] <<< [apiv2][status] GET https://api.github.com/repos//actions/secrets/public-key 404
[debug] [2024-01-06T17:15:38.147Z] <<< [apiv2][body] GET https://api.github.com/repos//actions/secrets/public-key {"message":"Not Found","documentation_url":"https://docs.github.com/rest"}
[info] 
[info] 
[error] !  The provided authorization cannot be used with this repository. If this repository is in an organization, did you remember to grant access? 
[info] 
[info] i  Action required: Visit this URL to ensure access has been granted to the appropriate organization(s) for the Firebase CLI GitHub OAuth App: 
[info] https://github.com/settings/connections/applications/89cf50f02ac6aaed3484
[info] 
[debug] [2024-01-06T17:15:38.168Z] <<< [apiv2][status] GET https://api.github.com/repos//actions/secrets/public-key 404
[debug] [2024-01-06T17:15:38.168Z] <<< [apiv2][body] GET https://api.github.com/repos//actions/secrets/public-key {"message":"Not Found","documentation_url":"https://docs.github.com/rest"}
[info] 
[info] 
[error] !  The provided authorization cannot be used with this repository. If this repository is in an organization, did you remember to grant access? 
[info] 
[info] i  Action required: Visit this URL to ensure access has been granted to the appropriate organization(s) for the Firebase CLI GitHub OAuth App: 
[info] https://github.com/settings/connections/applications/89cf50f02ac6aaed3484
[info] 
[debug] [2024-01-06T17:15:38.175Z] <<< [apiv2][status] GET https://api.github.com/repos//actions/secrets/public-key 404
[debug] [2024-01-06T17:15:38.175Z] <<< [apiv2][body] GET https://api.github.com/repos//actions/secrets/public-key {"message":"Not Found","documentation_url":"https://docs.github.com/rest"}
[info] 
[info] 
[error] !  The provided authorization cannot be used with this repository. If this repository is in an organization, did you remember to grant access? 
[info] 
[info] i  Action required: Visit this URL to ensure access has been granted to the appropriate organization(s) for the Firebase CLI GitHub OAuth App: 
[info] https://github.com/settings/connections/applications/89cf50f02ac6aaed3484
[info] 
[debug] [2024-01-06T17:15:38.182Z] <<< [apiv2][status] GET https://api.github.com/repos//actions/secrets/public-key 404
[debug] [2024-01-06T17:15:38.182Z] <<< [apiv2][body] GET https://api.github.com/repos//actions/secrets/public-key {"message":"Not Found","documentation_url":"https://docs.github.com/rest"}
[info] 
[info] 
[error] !  The provided authorization cannot be used with this repository. If this repository is in an organization, did you remember to grant access? 
[info] 
[info] i  Action required: Visit this URL to ensure access has been granted to the appropriate organization(s) for the Firebase CLI GitHub OAuth App: 
[info] https://github.com/settings/connections/applications/89cf50f02ac6aaed3484
[info] 
[debug] [2024-01-06T17:15:38.191Z] <<< [apiv2][status] GET https://api.github.com/repos//actions/secrets/public-key 404
[debug] [2024-01-06T17:15:38.191Z] <<< [apiv2][body] GET https://api.github.com/repos//actions/secrets/public-key {"message":"Not Found","documentation_url":"https://docs.github.com/rest"}
[info] 
[info] 
[error] !  The provided authorization cannot be used with this repository. If this repository is in an organization, did you remember to grant access? 
[info] 
[info] i  Action required: Visit this URL to ensure access has been granted to the appropriate organization(s) for the Firebase CLI GitHub OAuth App: 
[info] https://github.com/settings/connections/applications/89cf50f02ac6aaed3484
[info] 
[debug] [2024-01-06T17:15:47.388Z] >>> [apiv2][query] GET https://api.github.com/repos/y/actions/secrets/public-key type=owner
[debug] [2024-01-06T17:15:47.669Z] <<< [apiv2][status] GET https://api.github.com/repos/y/actions/secrets/public-key 404
[debug] [2024-01-06T17:15:47.669Z] <<< [apiv2][body] GET https://api.github.com/repos/y/actions/secrets/public-key {"message":"Not Found","documentation_url":"https://docs.github.com/rest"}
[info] 
[info] 
[error] !  The provided authorization cannot be used with this repository. If this repository is in an organization, did you remember to grant access? 
[info] 
[info] i  Action required: Visit this URL to ensure access has been granted to the appropriate organization(s) for the Firebase CLI GitHub OAuth App: 
[info] https://github.com/settings/connections/applications/89cf50f02ac6aaed3484
[info] 
[debug] [2024-01-06T17:16:33.149Z] >>> [apiv2][query] GET https://api.github.com/repos/yes/actions/secrets/public-key type=owner
[debug] [2024-01-06T17:16:33.428Z] <<< [apiv2][status] GET https://api.github.com/repos/yes/actions/secrets/public-key 404
[debug] [2024-01-06T17:16:33.428Z] <<< [apiv2][body] GET https://api.github.com/repos/yes/actions/secrets/public-key {"message":"Not Found","documentation_url":"https://docs.github.com/rest"}
[info] 
[info] 
[error] !  The provided authorization cannot be used with this repository. If this repository is in an organization, did you remember to grant access? 
[info] 
[info] i  Action required: Visit this URL to ensure access has been granted to the appropriate organization(s) for the Firebase CLI GitHub OAuth App: 
[info] https://github.com/settings/connections/applications/89cf50f02ac6aaed3484
[info] 
[debug] [2024-01-06T17:16:55.109Z] >>> [apiv2][query] GET https://api.github.com/repos/n/actions/secrets/public-key type=owner
[debug] [2024-01-06T17:16:55.400Z] <<< [apiv2][status] GET https://api.github.com/repos/n/actions/secrets/public-key 404
[debug] [2024-01-06T17:16:55.401Z] <<< [apiv2][body] GET https://api.github.com/repos/n/actions/secrets/public-key {"message":"Not Found","documentation_url":"https://docs.github.com/rest"}
[info] 
[info] 
[error] !  The provided authorization cannot be used with this repository. If this repository is in an organization, did you remember to grant access? 
[info] 
[info] i  Action required: Visit this URL to ensure access has been granted to the appropriate organization(s) for the Firebase CLI GitHub OAuth App: 
[info] https://github.com/settings/connections/applications/89cf50f02ac6aaed3484
[info] 
[debug] [2024-01-06T17:17:04.064Z] >>> [apiv2][query] GET https://api.github.com/repos/user/actions/secrets/public-key type=owner
[debug] [2024-01-06T17:17:04.347Z] <<< [apiv2][status] GET https://api.github.com/repos/user/actions/secrets/public-key 404
[debug] [2024-01-06T17:17:04.347Z] <<< [apiv2][body] GET https://api.github.com/repos/user/actions/secrets/public-key {"message":"Not Found","documentation_url":"https://docs.github.com/rest"}
[info] 
[info] 
[error] !  The provided authorization cannot be used with this repository. If this repository is in an organization, did you remember to grant access? 
[info] 
[info] i  Action required: Visit this URL to ensure access has been granted to the appropriate organization(s) for the Firebase CLI GitHub OAuth App: 
[info] https://github.com/settings/connections/applications/89cf50f02ac6aaed3484
[info] 
[debug] [2024-01-06T17:17:13.517Z] >>> [apiv2][query] GET https://api.github.com/repos/user/actions/secrets/public-key type=owner
[debug] [2024-01-06T17:17:13.806Z] <<< [apiv2][status] GET https://api.github.com/repos/user/actions/secrets/public-key 404
[debug] [2024-01-06T17:17:13.806Z] <<< [apiv2][body] GET https://api.github.com/repos/user/actions/secrets/public-key {"message":"Not Found","documentation_url":"https://docs.github.com/rest"}
[info] 
[info] 
[error] !  The provided authorization cannot be used with this repository. If this repository is in an organization, did you remember to grant access? 
[info] 
[info] i  Action required: Visit this URL to ensure access has been granted to the appropriate organization(s) for the Firebase CLI GitHub OAuth App: 
[info] https://github.com/settings/connections/applications/89cf50f02ac6aaed3484
[info] 
[debug] [2024-01-06T17:17:23.814Z] >>> [apiv2][query] GET https://api.github.com/repos/user/reposiort/actions/secrets/public-key type=owner
[debug] [2024-01-06T17:17:24.093Z] <<< [apiv2][status] GET https://api.github.com/repos/user/reposiort/actions/secrets/public-key 404
[debug] [2024-01-06T17:17:24.093Z] <<< [apiv2][body] GET https://api.github.com/repos/user/reposiort/actions/secrets/public-key {"message":"Not Found","documentation_url":"https://docs.github.com/rest/actions/secrets#get-a-repository-public-key"}
[info] 
[info] 
[error] !  The provided authorization cannot be used with this repository. If this repository is in an organization, did you remember to grant access? 
[info] 
[info] i  Action required: Visit this URL to ensure access has been granted to the appropriate organization(s) for the Firebase CLI GitHub OAuth App: 
[info] https://github.com/settings/connections/applications/89cf50f02ac6aaed3484
[info] 
[debug] [2024-01-06T17:17:34.294Z] >>> [apiv2][query] GET https://api.github.com/repos/user/reposiort/actions/secrets/public-key type=owner
[debug] [2024-01-06T17:17:34.581Z] <<< [apiv2][status] GET https://api.github.com/repos/user/reposiort/actions/secrets/public-key 404
[debug] [2024-01-06T17:17:34.581Z] <<< [apiv2][body] GET https://api.github.com/repos/user/reposiort/actions/secrets/public-key {"message":"Not Found","documentation_url":"https://docs.github.com/rest/actions/secrets#get-a-repository-public-key"}
[info] 
[info] 
[error] !  The provided authorization cannot be used with this repository. If this repository is in an organization, did you remember to grant access? 
[info] 
[info] i  Action required: Visit this URL to ensure access has been granted to the appropriate organization(s) for the Firebase CLI GitHub OAuth App: 
[info] https://github.com/settings/connections/applications/89cf50f02ac6aaed3484
[info] 
[debug] [2024-01-06T17:17:35.150Z] >>> [apiv2][query] GET https://api.github.com/repos/user/reposiort/actions/secrets/public-key type=owner
[debug] [2024-01-06T17:17:35.406Z] <<< [apiv2][status] GET https://api.github.com/repos/user/reposiort/actions/secrets/public-key 404
[debug] [2024-01-06T17:17:35.407Z] <<< [apiv2][body] GET https://api.github.com/repos/user/reposiort/actions/secrets/public-key {"message":"Not Found","documentation_url":"https://docs.github.com/rest/actions/secrets#get-a-repository-public-key"}
[info] 
[info] 
[error] !  The provided authorization cannot be used with this repository. If this repository is in an organization, did you remember to grant access? 
[info] 
[info] i  Action required: Visit this URL to ensure access has been granted to the appropriate organization(s) for the Firebase CLI GitHub OAuth App: 
[info] https://github.com/settings/connections/applications/89cf50f02ac6aaed3484
[info] 
[debug] [2024-01-06T17:17:58.460Z] >>> [apiv2][query] GET https://api.github.com/repos/user/reposio/actions/secrets/public-key type=owner
[debug] [2024-01-06T17:17:58.754Z] <<< [apiv2][status] GET https://api.github.com/repos/user/reposio/actions/secrets/public-key 404
[debug] [2024-01-06T17:17:58.755Z] <<< [apiv2][body] GET https://api.github.com/repos/user/reposio/actions/secrets/public-key {"message":"Not Found","documentation_url":"https://docs.github.com/rest/actions/secrets#get-a-repository-public-key"}
[info] 
[info] 
[error] !  The provided authorization cannot be used with this repository. If this repository is in an organization, did you remember to grant access? 
[info] 
[info] i  Action required: Visit this URL to ensure access has been granted to the appropriate organization(s) for the Firebase CLI GitHub OAuth App: 
[info] https://github.com/settings/connections/applications/89cf50f02ac6aaed3484
[info] 
[debug] [2024-01-06T17:18:07.674Z] >>> [apiv2][query] GET https://api.github.com/repos/user/reposiy/actions/secrets/public-key type=owner
[debug] [2024-01-06T17:18:07.946Z] <<< [apiv2][status] GET https://api.github.com/repos/user/reposiy/actions/secrets/public-key 404
[debug] [2024-01-06T17:18:07.946Z] <<< [apiv2][body] GET https://api.github.com/repos/user/reposiy/actions/secrets/public-key {"message":"Not Found","documentation_url":"https://docs.github.com/rest/actions/secrets#get-a-repository-public-key"}
[info] 
[info] 
[error] !  The provided authorization cannot be used with this repository. If this repository is in an organization, did you remember to grant access? 
[info] 
[info] i  Action required: Visit this URL to ensure access has been granted to the appropriate organization(s) for the Firebase CLI GitHub OAuth App: 
[info] https://github.com/settings/connections/applications/89cf50f02ac6aaed3484
[info] 
[debug] [2024-01-06T17:18:09.259Z] >>> [apiv2][query] GET https://api.github.com/repos/user/repos/actions/secrets/public-key type=owner
[debug] [2024-01-06T17:18:09.506Z] <<< [apiv2][status] GET https://api.github.com/repos/user/repos/actions/secrets/public-key 404
[debug] [2024-01-06T17:18:09.506Z] <<< [apiv2][body] GET https://api.github.com/repos/user/repos/actions/secrets/public-key {"message":"Not Found","documentation_url":"https://docs.github.com/rest/actions/secrets#get-a-repository-public-key"}
[info] 
[info] 
[error] !  The provided authorization cannot be used with this repository. If this repository is in an organization, did you remember to grant access? 
[info] 
[info] i  Action required: Visit this URL to ensure access has been granted to the appropriate organization(s) for the Firebase CLI GitHub OAuth App: 
[info] https://github.com/settings/connections/applications/89cf50f02ac6aaed3484
[info] 
[debug] [2024-01-06T17:18:11.994Z] >>> [apiv2][query] GET https://api.github.com/repos/y/actions/secrets/public-key type=owner
[debug] [2024-01-06T17:18:12.240Z] <<< [apiv2][status] GET https://api.github.com/repos/y/actions/secrets/public-key 404
[debug] [2024-01-06T17:18:12.240Z] <<< [apiv2][body] GET https://api.github.com/repos/y/actions/secrets/public-key {"message":"Not Found","documentation_url":"https://docs.github.com/rest"}
[info] 
[info] 
[error] !  The provided authorization cannot be used with this repository. If this repository is in an organization, did you remember to grant access? 
[info] 
[info] i  Action required: Visit this URL to ensure access has been granted to the appropriate organization(s) for the Firebase CLI GitHub OAuth App: 
[info] https://github.com/settings/connections/applications/89cf50f02ac6aaed3484
[info] 
[debug] [2024-01-06T17:18:15.319Z] >>> [apiv2][query] GET https://api.github.com/repos/n/actions/secrets/public-key type=owner
[debug] [2024-01-06T17:18:15.574Z] <<< [apiv2][status] GET https://api.github.com/repos/n/actions/secrets/public-key 404
[debug] [2024-01-06T17:18:15.574Z] <<< [apiv2][body] GET https://api.github.com/repos/n/actions/secrets/public-key {"message":"Not Found","documentation_url":"https://docs.github.com/rest"}
[info] 
[info] 
[error] !  The provided authorization cannot be used with this repository. If this repository is in an organization, did you remember to grant access? 
[info] 
[info] i  Action required: Visit this URL to ensure access has been granted to the appropriate organization(s) for the Firebase CLI GitHub OAuth App: 
[info] https://github.com/settings/connections/applications/89cf50f02ac6aaed3484
[info] 
[debug] [2024-01-06T17:18:17.485Z] >>> [apiv2][query] GET https://api.github.com/repos/y/actions/secrets/public-key type=owner
[debug] [2024-01-06T17:18:17.737Z] <<< [apiv2][status] GET https://api.github.com/repos/y/actions/secrets/public-key 404
[debug] [2024-01-06T17:18:17.738Z] <<< [apiv2][body] GET https://api.github.com/repos/y/actions/secrets/public-key {"message":"Not Found","documentation_url":"https://docs.github.com/rest"}
[info] 
[info] 
[error] !  The provided authorization cannot be used with this repository. If this repository is in an organization, did you remember to grant access? 
[info] 
[info] i  Action required: Visit this URL to ensure access has been granted to the appropriate organization(s) for the Firebase CLI GitHub OAuth App: 
[info] https://github.com/settings/connections/applications/89cf50f02ac6aaed3484
[info] 
[debug] [2024-01-06T17:18:19.344Z] >>> [apiv2][query] GET https://api.github.com/repos/yn/actions/secrets/public-key type=owner
[debug] [2024-01-06T17:18:19.601Z] <<< [apiv2][status] GET https://api.github.com/repos/yn/actions/secrets/public-key 404
[debug] [2024-01-06T17:18:19.601Z] <<< [apiv2][body] GET https://api.github.com/repos/yn/actions/secrets/public-key {"message":"Not Found","documentation_url":"https://docs.github.com/rest"}
[info] 
[info] 
[error] !  The provided authorization cannot be used with this repository. If this repository is in an organization, did you remember to grant access? 
[info] 
[info] i  Action required: Visit this URL to ensure access has been granted to the appropriate organization(s) for the Firebase CLI GitHub OAuth App: 
[info] https://github.com/settings/connections/applications/89cf50f02ac6aaed3484
[info] 
[debug] [2024-01-06T17:19:56.414Z] >>> [apiv2][query] GET https://api.github.com/repos/https://github.com/mayurshewale1/APPLE-MART/actions/secrets/public-key type=owner
[debug] [2024-01-06T17:19:56.695Z] <<< [apiv2][status] GET https://api.github.com/repos/https://github.com/mayurshewale1/APPLE-MART/actions/secrets/public-key 404
[debug] [2024-01-06T17:19:56.695Z] <<< [apiv2][body] GET https://api.github.com/repos/https://github.com/mayurshewale1/APPLE-MART/actions/secrets/public-key {"message":"Not Found","documentation_url":"https://docs.github.com/rest"}
[info] 
[info] 
[error] !  The provided authorization cannot be used with this repository. If this repository is in an organization, did you remember to grant access? 
[info] 
[info] i  Action required: Visit this URL to ensure access has been granted to the appropriate organization(s) for the Firebase CLI GitHub OAuth App: 
[info] https://github.com/settings/connections/applications/89cf50f02ac6aaed3484
[info] 
[debug] [2024-01-06T17:20:02.618Z] >>> [apiv2][query] GET https://api.github.com/repos/https://github.com/mayurshewale1/APPLE-MART/actions/secrets/public-key type=owner
[debug] [2024-01-06T17:20:02.894Z] <<< [apiv2][status] GET https://api.github.com/repos/https://github.com/mayurshewale1/APPLE-MART/actions/secrets/public-key 404
[debug] [2024-01-06T17:20:02.895Z] <<< [apiv2][body] GET https://api.github.com/repos/https://github.com/mayurshewale1/APPLE-MART/actions/secrets/public-key {"message":"Not Found","documentation_url":"https://docs.github.com/rest"}
[info] 
[info] 
[error] !  The provided authorization cannot be used with this repository. If this repository is in an organization, did you remember to grant access? 
[info] 
[info] i  Action required: Visit this URL to ensure access has been granted to the appropriate organization(s) for the Firebase CLI GitHub OAuth App: 
[info] https://github.com/settings/connections/applications/89cf50f02ac6aaed3484
[info] 
[debug] [2024-01-06T17:20:14.648Z] >>> [apiv2][query] GET https://api.github.com/repos/https://github.com/mayurshewale1/APPLE-MARThttps://github.com/mayurshewale1/APPLE-MART.git/actions/secrets/public-key type=owner
[debug] [2024-01-06T17:20:14.931Z] <<< [apiv2][status] GET https://api.github.com/repos/https://github.com/mayurshewale1/APPLE-MARThttps://github.com/mayurshewale1/APPLE-MART.git/actions/secrets/public-key 404
[debug] [2024-01-06T17:20:14.931Z] <<< [apiv2][body] GET https://api.github.com/repos/https://github.com/mayurshewale1/APPLE-MARThttps://github.com/mayurshewale1/APPLE-MART.git/actions/secrets/public-key {"message":"Not Found","documentation_url":"https://docs.github.com/rest"}
[info] 
[info] 
[error] !  The provided authorization cannot be used with this repository. If this repository is in an organization, did you remember to grant access? 
[info] 
[info] i  Action required: Visit this URL to ensure access has been granted to the appropriate organization(s) for the Firebase CLI GitHub OAuth App: 
[info] https://github.com/settings/connections/applications/89cf50f02ac6aaed3484
[info] 
[debug] [2024-01-06T17:20:27.007Z] >>> [apiv2][query] GET https://api.github.com/repos/https://github.com/mayurshewale1/APPLE-MART.git/actions/secrets/public-key type=owner
[debug] [2024-01-06T17:20:27.294Z] <<< [apiv2][status] GET https://api.github.com/repos/https://github.com/mayurshewale1/APPLE-MART.git/actions/secrets/public-key 404
[debug] [2024-01-06T17:20:27.295Z] <<< [apiv2][body] GET https://api.github.com/repos/https://github.com/mayurshewale1/APPLE-MART.git/actions/secrets/public-key {"message":"Not Found","documentation_url":"https://docs.github.com/rest"}
[info] 
[info] 
[error] !  The provided authorization cannot be used with this repository. If this repository is in an organization, did you remember to grant access? 
[info] 
[info] i  Action required: Visit this URL to ensure access has been granted to the appropriate organization(s) for the Firebase CLI GitHub OAuth App: 
[info] https://github.com/settings/connections/applications/89cf50f02ac6aaed3484
[info] 
[debug] [2024-01-06T17:20:50.515Z] >>> [apiv2][query] GET https://api.github.com/repos/https://github.com/mayurshewale1/APPLE-MART.git/actions/secrets/public-key type=owner
[debug] [2024-01-06T17:20:50.797Z] <<< [apiv2][status] GET https://api.github.com/repos/https://github.com/mayurshewale1/APPLE-MART.git/actions/secrets/public-key 404
[debug] [2024-01-06T17:20:50.797Z] <<< [apiv2][body] GET https://api.github.com/repos/https://github.com/mayurshewale1/APPLE-MART.git/actions/secrets/public-key {"message":"Not Found","documentation_url":"https://docs.github.com/rest"}
[info] 
[info] 
[error] !  The provided authorization cannot be used with this repository. If this repository is in an organization, did you remember to grant access? 
[info] 
[info] i  Action required: Visit this URL to ensure access has been granted to the appropriate organization(s) for the Firebase CLI GitHub OAuth App: 
[info] https://github.com/settings/connections/applications/89cf50f02ac6aaed3484
[info] 
[debug] [2024-01-06T17:20:50.992Z] >>> [apiv2][query] GET https://api.github.com/repos/https://github.com/mayurshewale1/APPLE-MART.git/actions/secrets/public-key type=owner
[debug] [2024-01-06T17:20:51.235Z] <<< [apiv2][status] GET https://api.github.com/repos/https://github.com/mayurshewale1/APPLE-MART.git/actions/secrets/public-key 404
[debug] [2024-01-06T17:20:51.235Z] <<< [apiv2][body] GET https://api.github.com/repos/https://github.com/mayurshewale1/APPLE-MART.git/actions/secrets/public-key {"message":"Not Found","documentation_url":"https://docs.github.com/rest"}
[info] 
[info] 
[error] !  The provided authorization cannot be used with this repository. If this repository is in an organization, did you remember to grant access? 
[info] 
[info] i  Action required: Visit this URL to ensure access has been granted to the appropriate organization(s) for the Firebase CLI GitHub OAuth App: 
[info] https://github.com/settings/connections/applications/89cf50f02ac6aaed3484
[info] 
[debug] [2024-01-06T17:24:36.254Z] >>> [apiv2][query] GET https://api.github.com/repos/https://github.com/mayurshewale1/APPLE-MART.git/actions/secrets/public-key type=owner
[debug] [2024-01-06T17:24:36.534Z] <<< [apiv2][status] GET https://api.github.com/repos/https://github.com/mayurshewale1/APPLE-MART.git/actions/secrets/public-key 404
[debug] [2024-01-06T17:24:36.534Z] <<< [apiv2][body] GET https://api.github.com/repos/https://github.com/mayurshewale1/APPLE-MART.git/actions/secrets/public-key {"message":"Not Found","documentation_url":"https://docs.github.com/rest"}
[info] 
[info] 
[error] !  The provided authorization cannot be used with this repository. If this repository is in an organization, did you remember to grant access? 
[info] 
[info] i  Action required: Visit this URL to ensure access has been granted to the appropriate organization(s) for the Firebase CLI GitHub OAuth App: 
[info] https://github.com/settings/connections/applications/89cf50f02ac6aaed3484
[info] 
